
2016-02-18 15:03:42
[INFO]-[Thread: main]-[com.mchange.v2.log.MLog.<clinit>()]: MLog clients using log4j logging.

2016-02-18 15:03:42
[INFO]-[Thread: main]-[com.mchange.v2.c3p0.C3P0Registry.banner()]: Initializing c3p0-0.9.1.2 [built 21-May-2007 15:04:56; debug? true; trace: 10]

2016-02-18 15:03:42
[INFO]-[Thread: main]-[com.mchange.v2.c3p0.impl.AbstractPoolBackedDataSource.getPoolManager()]: Initializing c3p0 pool... com.mchange.v2.c3p0.ComboPooledDataSource [ acquireIncrement -> 2, acquireRetryAttempts -> 30, acquireRetryDelay -> 1000, autoCommitOnClose -> false, automaticTestTable -> null, breakAfterAcquireFailure -> false, checkoutTimeout -> 0, connectionCustomizerClassName -> null, connectionTesterClassName -> com.mchange.v2.c3p0.impl.DefaultConnectionTester, dataSourceName -> 1hge1659e1vh67691ohhj15|46ee7fe8, debugUnreturnedConnectionStackTraces -> false, description -> null, driverClass -> com.mysql.jdbc.Driver, factoryClassLocation -> null, forceIgnoreUnresolvedTransactions -> false, identityToken -> 1hge1659e1vh67691ohhj15|46ee7fe8, idleConnectionTestPeriod -> 0, initialPoolSize -> 10, jdbcUrl -> jdbc:mysql://localhost/sapm?characterEncoding=utf8&zeroDateTimeBehavior=convertToNull, maxAdministrativeTaskTime -> 0, maxConnectionAge -> 0, maxIdleTime -> 20, maxIdleTimeExcessConnections -> 0, maxPoolSize -> 100, maxStatements -> 0, maxStatementsPerConnection -> 0, minPoolSize -> 10, numHelperThreads -> 3, numThreadsAwaitingCheckoutDefaultUser -> 0, preferredTestQuery -> null, properties -> {user=******, password=******}, propertyCycle -> 0, testConnectionOnCheckin -> false, testConnectionOnCheckout -> false, unreturnedConnectionTimeout -> 0, usesTraditionalReflectiveProxies -> false ]

2016-02-18 15:04:20
[INFO]-[Thread: main]-[com.mchange.v2.log.MLog.<clinit>()]: MLog clients using log4j logging.

2016-02-18 15:04:20
[INFO]-[Thread: main]-[com.mchange.v2.c3p0.C3P0Registry.banner()]: Initializing c3p0-0.9.1.2 [built 21-May-2007 15:04:56; debug? true; trace: 10]

2016-02-18 15:04:20
[INFO]-[Thread: main]-[com.mchange.v2.c3p0.impl.AbstractPoolBackedDataSource.getPoolManager()]: Initializing c3p0 pool... com.mchange.v2.c3p0.ComboPooledDataSource [ acquireIncrement -> 2, acquireRetryAttempts -> 30, acquireRetryDelay -> 1000, autoCommitOnClose -> false, automaticTestTable -> null, breakAfterAcquireFailure -> false, checkoutTimeout -> 0, connectionCustomizerClassName -> null, connectionTesterClassName -> com.mchange.v2.c3p0.impl.DefaultConnectionTester, dataSourceName -> 1hge1659e1vh70m31gbir6w|46ee7fe8, debugUnreturnedConnectionStackTraces -> false, description -> null, driverClass -> com.mysql.jdbc.Driver, factoryClassLocation -> null, forceIgnoreUnresolvedTransactions -> false, identityToken -> 1hge1659e1vh70m31gbir6w|46ee7fe8, idleConnectionTestPeriod -> 0, initialPoolSize -> 10, jdbcUrl -> jdbc:mysql://localhost/sapm?characterEncoding=utf8&zeroDateTimeBehavior=convertToNull, maxAdministrativeTaskTime -> 0, maxConnectionAge -> 0, maxIdleTime -> 20, maxIdleTimeExcessConnections -> 0, maxPoolSize -> 100, maxStatements -> 0, maxStatementsPerConnection -> 0, minPoolSize -> 10, numHelperThreads -> 3, numThreadsAwaitingCheckoutDefaultUser -> 0, preferredTestQuery -> null, properties -> {user=******, password=******}, propertyCycle -> 0, testConnectionOnCheckin -> false, testConnectionOnCheckout -> false, unreturnedConnectionTimeout -> 0, usesTraditionalReflectiveProxies -> false ]

2016-02-18 15:07:20
[INFO]-[Thread: main]-[com.mchange.v2.log.MLog.<clinit>()]: MLog clients using log4j logging.

2016-02-18 15:07:20
[INFO]-[Thread: main]-[com.mchange.v2.c3p0.C3P0Registry.banner()]: Initializing c3p0-0.9.1.2 [built 21-May-2007 15:04:56; debug? true; trace: 10]

2016-02-18 15:07:20
[INFO]-[Thread: main]-[com.mchange.v2.c3p0.impl.AbstractPoolBackedDataSource.getPoolManager()]: Initializing c3p0 pool... com.mchange.v2.c3p0.ComboPooledDataSource [ acquireIncrement -> 2, acquireRetryAttempts -> 30, acquireRetryDelay -> 1000, autoCommitOnClose -> false, automaticTestTable -> null, breakAfterAcquireFailure -> false, checkoutTimeout -> 0, connectionCustomizerClassName -> null, connectionTesterClassName -> com.mchange.v2.c3p0.impl.DefaultConnectionTester, dataSourceName -> 1hge1659e1vhaverv0arrb|46ee7fe8, debugUnreturnedConnectionStackTraces -> false, description -> null, driverClass -> com.mysql.jdbc.Driver, factoryClassLocation -> null, forceIgnoreUnresolvedTransactions -> false, identityToken -> 1hge1659e1vhaverv0arrb|46ee7fe8, idleConnectionTestPeriod -> 0, initialPoolSize -> 10, jdbcUrl -> jdbc:mysql://localhost/sapm?characterEncoding=utf8&zeroDateTimeBehavior=convertToNull, maxAdministrativeTaskTime -> 0, maxConnectionAge -> 0, maxIdleTime -> 20, maxIdleTimeExcessConnections -> 0, maxPoolSize -> 100, maxStatements -> 0, maxStatementsPerConnection -> 0, minPoolSize -> 10, numHelperThreads -> 3, numThreadsAwaitingCheckoutDefaultUser -> 0, preferredTestQuery -> null, properties -> {user=******, password=******}, propertyCycle -> 0, testConnectionOnCheckin -> false, testConnectionOnCheckout -> false, unreturnedConnectionTimeout -> 0, usesTraditionalReflectiveProxies -> false ]

2016-02-18 15:12:58
[INFO]-[Thread: main]-[com.mchange.v2.log.MLog.<clinit>()]: MLog clients using log4j logging.

2016-02-18 15:12:58
[INFO]-[Thread: main]-[com.mchange.v2.c3p0.C3P0Registry.banner()]: Initializing c3p0-0.9.1.2 [built 21-May-2007 15:04:56; debug? true; trace: 10]

2016-02-18 15:12:58
[INFO]-[Thread: main]-[com.mchange.v2.c3p0.impl.AbstractPoolBackedDataSource.getPoolManager()]: Initializing c3p0 pool... com.mchange.v2.c3p0.ComboPooledDataSource [ acquireIncrement -> 2, acquireRetryAttempts -> 30, acquireRetryDelay -> 1000, autoCommitOnClose -> false, automaticTestTable -> null, breakAfterAcquireFailure -> false, checkoutTimeout -> 0, connectionCustomizerClassName -> null, connectionTesterClassName -> com.mchange.v2.c3p0.impl.DefaultConnectionTester, dataSourceName -> 1hge1659e1vhi3zetdcqj3|46ee7fe8, debugUnreturnedConnectionStackTraces -> false, description -> null, driverClass -> com.mysql.jdbc.Driver, factoryClassLocation -> null, forceIgnoreUnresolvedTransactions -> false, identityToken -> 1hge1659e1vhi3zetdcqj3|46ee7fe8, idleConnectionTestPeriod -> 0, initialPoolSize -> 10, jdbcUrl -> jdbc:mysql://localhost/sapm?characterEncoding=utf8&zeroDateTimeBehavior=convertToNull, maxAdministrativeTaskTime -> 0, maxConnectionAge -> 0, maxIdleTime -> 20, maxIdleTimeExcessConnections -> 0, maxPoolSize -> 100, maxStatements -> 0, maxStatementsPerConnection -> 0, minPoolSize -> 10, numHelperThreads -> 3, numThreadsAwaitingCheckoutDefaultUser -> 0, preferredTestQuery -> null, properties -> {user=******, password=******}, propertyCycle -> 0, testConnectionOnCheckin -> false, testConnectionOnCheckout -> false, unreturnedConnectionTimeout -> 0, usesTraditionalReflectiveProxies -> false ]

2016-02-18 15:20:19
[INFO]-[Thread: main]-[com.mchange.v2.log.MLog.<clinit>()]: MLog clients using log4j logging.

2016-02-18 15:20:19
[INFO]-[Thread: main]-[com.mchange.v2.c3p0.C3P0Registry.banner()]: Initializing c3p0-0.9.1.2 [built 21-May-2007 15:04:56; debug? true; trace: 10]

2016-02-18 15:20:19
[INFO]-[Thread: main]-[com.mchange.v2.c3p0.impl.AbstractPoolBackedDataSource.getPoolManager()]: Initializing c3p0 pool... com.mchange.v2.c3p0.ComboPooledDataSource [ acquireIncrement -> 2, acquireRetryAttempts -> 30, acquireRetryDelay -> 1000, autoCommitOnClose -> false, automaticTestTable -> null, breakAfterAcquireFailure -> false, checkoutTimeout -> 0, connectionCustomizerClassName -> null, connectionTesterClassName -> com.mchange.v2.c3p0.impl.DefaultConnectionTester, dataSourceName -> 1hge1659e1vhrkdczj0jw1|46ee7fe8, debugUnreturnedConnectionStackTraces -> false, description -> null, driverClass -> com.mysql.jdbc.Driver, factoryClassLocation -> null, forceIgnoreUnresolvedTransactions -> false, identityToken -> 1hge1659e1vhrkdczj0jw1|46ee7fe8, idleConnectionTestPeriod -> 0, initialPoolSize -> 10, jdbcUrl -> jdbc:mysql://localhost/sapm?characterEncoding=utf8&zeroDateTimeBehavior=convertToNull, maxAdministrativeTaskTime -> 0, maxConnectionAge -> 0, maxIdleTime -> 20, maxIdleTimeExcessConnections -> 0, maxPoolSize -> 100, maxStatements -> 0, maxStatementsPerConnection -> 0, minPoolSize -> 10, numHelperThreads -> 3, numThreadsAwaitingCheckoutDefaultUser -> 0, preferredTestQuery -> null, properties -> {user=******, password=******}, propertyCycle -> 0, testConnectionOnCheckin -> false, testConnectionOnCheckout -> false, unreturnedConnectionTimeout -> 0, usesTraditionalReflectiveProxies -> false ]

2016-02-18 15:28:24
[INFO]-[Thread: main]-[com.mchange.v2.log.MLog.<clinit>()]: MLog clients using log4j logging.

2016-02-18 15:28:24
[INFO]-[Thread: main]-[com.mchange.v2.c3p0.C3P0Registry.banner()]: Initializing c3p0-0.9.1.2 [built 21-May-2007 15:04:56; debug? true; trace: 10]

2016-02-18 15:28:24
[INFO]-[Thread: main]-[com.mchange.v2.c3p0.impl.AbstractPoolBackedDataSource.getPoolManager()]: Initializing c3p0 pool... com.mchange.v2.c3p0.ComboPooledDataSource [ acquireIncrement -> 2, acquireRetryAttempts -> 30, acquireRetryDelay -> 1000, autoCommitOnClose -> false, automaticTestTable -> null, breakAfterAcquireFailure -> false, checkoutTimeout -> 0, connectionCustomizerClassName -> null, connectionTesterClassName -> com.mchange.v2.c3p0.impl.DefaultConnectionTester, dataSourceName -> 1hge1659e1vi1ygt1fv5vaw|46ee7fe8, debugUnreturnedConnectionStackTraces -> false, description -> null, driverClass -> com.mysql.jdbc.Driver, factoryClassLocation -> null, forceIgnoreUnresolvedTransactions -> false, identityToken -> 1hge1659e1vi1ygt1fv5vaw|46ee7fe8, idleConnectionTestPeriod -> 0, initialPoolSize -> 10, jdbcUrl -> jdbc:mysql://localhost/sapm?characterEncoding=utf8&zeroDateTimeBehavior=convertToNull, maxAdministrativeTaskTime -> 0, maxConnectionAge -> 0, maxIdleTime -> 20, maxIdleTimeExcessConnections -> 0, maxPoolSize -> 100, maxStatements -> 0, maxStatementsPerConnection -> 0, minPoolSize -> 10, numHelperThreads -> 3, numThreadsAwaitingCheckoutDefaultUser -> 0, preferredTestQuery -> null, properties -> {user=******, password=******}, propertyCycle -> 0, testConnectionOnCheckin -> false, testConnectionOnCheckout -> false, unreturnedConnectionTimeout -> 0, usesTraditionalReflectiveProxies -> false ]

2016-02-18 15:29:34
[INFO]-[Thread: main]-[com.mchange.v2.log.MLog.<clinit>()]: MLog clients using log4j logging.

2016-02-18 15:29:35
[INFO]-[Thread: main]-[com.mchange.v2.c3p0.C3P0Registry.banner()]: Initializing c3p0-0.9.1.2 [built 21-May-2007 15:04:56; debug? true; trace: 10]

2016-02-18 15:29:35
[INFO]-[Thread: main]-[com.mchange.v2.c3p0.impl.AbstractPoolBackedDataSource.getPoolManager()]: Initializing c3p0 pool... com.mchange.v2.c3p0.ComboPooledDataSource [ acquireIncrement -> 2, acquireRetryAttempts -> 30, acquireRetryDelay -> 1000, autoCommitOnClose -> false, automaticTestTable -> null, breakAfterAcquireFailure -> false, checkoutTimeout -> 0, connectionCustomizerClassName -> null, connectionTesterClassName -> com.mchange.v2.c3p0.impl.DefaultConnectionTester, dataSourceName -> 1hge1659e1vi3h021o6ufdt|46ee7fe8, debugUnreturnedConnectionStackTraces -> false, description -> null, driverClass -> com.mysql.jdbc.Driver, factoryClassLocation -> null, forceIgnoreUnresolvedTransactions -> false, identityToken -> 1hge1659e1vi3h021o6ufdt|46ee7fe8, idleConnectionTestPeriod -> 0, initialPoolSize -> 10, jdbcUrl -> jdbc:mysql://localhost/sapm?characterEncoding=utf8&zeroDateTimeBehavior=convertToNull, maxAdministrativeTaskTime -> 0, maxConnectionAge -> 0, maxIdleTime -> 20, maxIdleTimeExcessConnections -> 0, maxPoolSize -> 100, maxStatements -> 0, maxStatementsPerConnection -> 0, minPoolSize -> 10, numHelperThreads -> 3, numThreadsAwaitingCheckoutDefaultUser -> 0, preferredTestQuery -> null, properties -> {user=******, password=******}, propertyCycle -> 0, testConnectionOnCheckin -> false, testConnectionOnCheckout -> false, unreturnedConnectionTimeout -> 0, usesTraditionalReflectiveProxies -> false ]

2016-04-12 11:08:06
[INFO]-[Thread: main]-[com.mchange.v2.log.MLog.<clinit>()]: MLog clients using log4j logging.

2016-04-12 11:08:06
[INFO]-[Thread: main]-[com.mchange.v2.c3p0.C3P0Registry.banner()]: Initializing c3p0-0.9.1.2 [built 21-May-2007 15:04:56; debug? true; trace: 10]

2016-04-12 11:08:06
[INFO]-[Thread: main]-[com.mchange.v2.c3p0.impl.AbstractPoolBackedDataSource.getPoolManager()]: Initializing c3p0 pool... com.mchange.v2.c3p0.ComboPooledDataSource [ acquireIncrement -> 2, acquireRetryAttempts -> 30, acquireRetryDelay -> 1000, autoCommitOnClose -> false, automaticTestTable -> null, breakAfterAcquireFailure -> false, checkoutTimeout -> 0, connectionCustomizerClassName -> null, connectionTesterClassName -> com.mchange.v2.c3p0.impl.DefaultConnectionTester, dataSourceName -> 1hge15x9g2cb3ik18umc6c|46ee7fe8, debugUnreturnedConnectionStackTraces -> false, description -> null, driverClass -> com.mysql.jdbc.Driver, factoryClassLocation -> null, forceIgnoreUnresolvedTransactions -> false, identityToken -> 1hge15x9g2cb3ik18umc6c|46ee7fe8, idleConnectionTestPeriod -> 0, initialPoolSize -> 10, jdbcUrl -> jdbc:mysql://localhost/sapm?characterEncoding=utf8&zeroDateTimeBehavior=convertToNull, maxAdministrativeTaskTime -> 0, maxConnectionAge -> 0, maxIdleTime -> 20, maxIdleTimeExcessConnections -> 0, maxPoolSize -> 100, maxStatements -> 0, maxStatementsPerConnection -> 0, minPoolSize -> 10, numHelperThreads -> 3, numThreadsAwaitingCheckoutDefaultUser -> 0, preferredTestQuery -> null, properties -> {user=******, password=******}, propertyCycle -> 0, testConnectionOnCheckin -> false, testConnectionOnCheckout -> false, unreturnedConnectionTimeout -> 0, usesTraditionalReflectiveProxies -> false ]

2016-04-13 10:14:21
[INFO]-[Thread: main]-[com.mchange.v2.log.MLog.<clinit>()]: MLog clients using log4j logging.

2016-04-13 10:14:22
[INFO]-[Thread: main]-[com.mchange.v2.c3p0.C3P0Registry.banner()]: Initializing c3p0-0.9.1.2 [built 21-May-2007 15:04:56; debug? true; trace: 10]

2016-04-13 10:14:22
[INFO]-[Thread: main]-[com.mchange.v2.c3p0.impl.AbstractPoolBackedDataSource.getPoolManager()]: Initializing c3p0 pool... com.mchange.v2.c3p0.ComboPooledDataSource [ acquireIncrement -> 2, acquireRetryAttempts -> 30, acquireRetryDelay -> 1000, autoCommitOnClose -> false, automaticTestTable -> null, breakAfterAcquireFailure -> false, checkoutTimeout -> 0, connectionCustomizerClassName -> null, connectionTesterClassName -> com.mchange.v2.c3p0.impl.DefaultConnectionTester, dataSourceName -> 1hge15z9g3ptueb136sha5|46ee7fe8, debugUnreturnedConnectionStackTraces -> false, description -> null, driverClass -> com.mysql.jdbc.Driver, factoryClassLocation -> null, forceIgnoreUnresolvedTransactions -> false, identityToken -> 1hge15z9g3ptueb136sha5|46ee7fe8, idleConnectionTestPeriod -> 0, initialPoolSize -> 10, jdbcUrl -> jdbc:mysql://localhost/sapm?characterEncoding=utf8&zeroDateTimeBehavior=convertToNull, maxAdministrativeTaskTime -> 0, maxConnectionAge -> 0, maxIdleTime -> 20, maxIdleTimeExcessConnections -> 0, maxPoolSize -> 100, maxStatements -> 0, maxStatementsPerConnection -> 0, minPoolSize -> 10, numHelperThreads -> 3, numThreadsAwaitingCheckoutDefaultUser -> 0, preferredTestQuery -> null, properties -> {user=******, password=******}, propertyCycle -> 0, testConnectionOnCheckin -> false, testConnectionOnCheckout -> false, unreturnedConnectionTimeout -> 0, usesTraditionalReflectiveProxies -> false ]

2016-04-13 10:48:21
[INFO]-[Thread: main]-[com.mchange.v2.log.MLog.<clinit>()]: MLog clients using log4j logging.

2016-04-13 10:48:21
[INFO]-[Thread: main]-[com.mchange.v2.c3p0.C3P0Registry.banner()]: Initializing c3p0-0.9.1.2 [built 21-May-2007 15:04:56; debug? true; trace: 10]

2016-04-13 10:48:21
[INFO]-[Thread: main]-[com.mchange.v2.c3p0.impl.AbstractPoolBackedDataSource.getPoolManager()]: Initializing c3p0 pool... com.mchange.v2.c3p0.ComboPooledDataSource [ acquireIncrement -> 2, acquireRetryAttempts -> 30, acquireRetryDelay -> 1000, autoCommitOnClose -> false, automaticTestTable -> null, breakAfterAcquireFailure -> false, checkoutTimeout -> 0, connectionCustomizerClassName -> null, connectionTesterClassName -> com.mchange.v2.c3p0.impl.DefaultConnectionTester, dataSourceName -> 1hge15z9g3r1k0rnmjdgf|46ee7fe8, debugUnreturnedConnectionStackTraces -> false, description -> null, driverClass -> com.mysql.jdbc.Driver, factoryClassLocation -> null, forceIgnoreUnresolvedTransactions -> false, identityToken -> 1hge15z9g3r1k0rnmjdgf|46ee7fe8, idleConnectionTestPeriod -> 0, initialPoolSize -> 10, jdbcUrl -> jdbc:mysql://localhost/sapm?characterEncoding=utf8&zeroDateTimeBehavior=convertToNull, maxAdministrativeTaskTime -> 0, maxConnectionAge -> 0, maxIdleTime -> 20, maxIdleTimeExcessConnections -> 0, maxPoolSize -> 100, maxStatements -> 0, maxStatementsPerConnection -> 0, minPoolSize -> 10, numHelperThreads -> 3, numThreadsAwaitingCheckoutDefaultUser -> 0, preferredTestQuery -> null, properties -> {user=******, password=******}, propertyCycle -> 0, testConnectionOnCheckin -> false, testConnectionOnCheckout -> false, unreturnedConnectionTimeout -> 0, usesTraditionalReflectiveProxies -> false ]

2016-04-13 14:25:22
[INFO]-[Thread: main]-[com.mchange.v2.log.MLog.<clinit>()]: MLog clients using log4j logging.

2016-04-13 14:25:22
[INFO]-[Thread: main]-[com.mchange.v2.c3p0.C3P0Registry.banner()]: Initializing c3p0-0.9.1.2 [built 21-May-2007 15:04:56; debug? true; trace: 10]

2016-04-13 14:25:22
[INFO]-[Thread: main]-[com.mchange.v2.c3p0.impl.AbstractPoolBackedDataSource.getPoolManager()]: Initializing c3p0 pool... com.mchange.v2.c3p0.ComboPooledDataSource [ acquireIncrement -> 2, acquireRetryAttempts -> 30, acquireRetryDelay -> 1000, autoCommitOnClose -> false, automaticTestTable -> null, breakAfterAcquireFailure -> false, checkoutTimeout -> 0, connectionCustomizerClassName -> null, connectionTesterClassName -> com.mchange.v2.c3p0.impl.DefaultConnectionTester, dataSourceName -> 1hge15z9g3ysmy4dfguxf|46ee7fe8, debugUnreturnedConnectionStackTraces -> false, description -> null, driverClass -> com.mysql.jdbc.Driver, factoryClassLocation -> null, forceIgnoreUnresolvedTransactions -> false, identityToken -> 1hge15z9g3ysmy4dfguxf|46ee7fe8, idleConnectionTestPeriod -> 0, initialPoolSize -> 10, jdbcUrl -> jdbc:mysql://localhost/sapm?characterEncoding=utf8&zeroDateTimeBehavior=convertToNull, maxAdministrativeTaskTime -> 0, maxConnectionAge -> 0, maxIdleTime -> 20, maxIdleTimeExcessConnections -> 0, maxPoolSize -> 100, maxStatements -> 0, maxStatementsPerConnection -> 0, minPoolSize -> 10, numHelperThreads -> 3, numThreadsAwaitingCheckoutDefaultUser -> 0, preferredTestQuery -> null, properties -> {user=******, password=******}, propertyCycle -> 0, testConnectionOnCheckin -> false, testConnectionOnCheckout -> false, unreturnedConnectionTimeout -> 0, usesTraditionalReflectiveProxies -> false ]

2016-04-13 14:31:29
[INFO]-[Thread: main]-[com.mchange.v2.log.MLog.<clinit>()]: MLog clients using log4j logging.

2016-04-13 14:31:30
[INFO]-[Thread: main]-[com.mchange.v2.c3p0.C3P0Registry.banner()]: Initializing c3p0-0.9.1.2 [built 21-May-2007 15:04:56; debug? true; trace: 10]

2016-04-13 14:31:30
[INFO]-[Thread: main]-[com.mchange.v2.c3p0.impl.AbstractPoolBackedDataSource.getPoolManager()]: Initializing c3p0 pool... com.mchange.v2.c3p0.ComboPooledDataSource [ acquireIncrement -> 2, acquireRetryAttempts -> 30, acquireRetryDelay -> 1000, autoCommitOnClose -> false, automaticTestTable -> null, breakAfterAcquireFailure -> false, checkoutTimeout -> 0, connectionCustomizerClassName -> null, connectionTesterClassName -> com.mchange.v2.c3p0.impl.DefaultConnectionTester, dataSourceName -> 1hge15z9g3z0iouvmgdmt|46ee7fe8, debugUnreturnedConnectionStackTraces -> false, description -> null, driverClass -> com.mysql.jdbc.Driver, factoryClassLocation -> null, forceIgnoreUnresolvedTransactions -> false, identityToken -> 1hge15z9g3z0iouvmgdmt|46ee7fe8, idleConnectionTestPeriod -> 0, initialPoolSize -> 10, jdbcUrl -> jdbc:mysql://localhost/sapm?characterEncoding=utf8&zeroDateTimeBehavior=convertToNull, maxAdministrativeTaskTime -> 0, maxConnectionAge -> 0, maxIdleTime -> 20, maxIdleTimeExcessConnections -> 0, maxPoolSize -> 100, maxStatements -> 0, maxStatementsPerConnection -> 0, minPoolSize -> 10, numHelperThreads -> 3, numThreadsAwaitingCheckoutDefaultUser -> 0, preferredTestQuery -> null, properties -> {user=******, password=******}, propertyCycle -> 0, testConnectionOnCheckin -> false, testConnectionOnCheckout -> false, unreturnedConnectionTimeout -> 0, usesTraditionalReflectiveProxies -> false ]

2016-04-13 14:35:53
[INFO]-[Thread: main]-[com.mchange.v2.log.MLog.<clinit>()]: MLog clients using log4j logging.

2016-04-13 14:35:53
[INFO]-[Thread: main]-[com.mchange.v2.c3p0.C3P0Registry.banner()]: Initializing c3p0-0.9.1.2 [built 21-May-2007 15:04:56; debug? true; trace: 10]

2016-04-13 14:35:53
[INFO]-[Thread: main]-[com.mchange.v2.c3p0.impl.AbstractPoolBackedDataSource.getPoolManager()]: Initializing c3p0 pool... com.mchange.v2.c3p0.ComboPooledDataSource [ acquireIncrement -> 2, acquireRetryAttempts -> 30, acquireRetryDelay -> 1000, autoCommitOnClose -> false, automaticTestTable -> null, breakAfterAcquireFailure -> false, checkoutTimeout -> 0, connectionCustomizerClassName -> null, connectionTesterClassName -> com.mchange.v2.c3p0.impl.DefaultConnectionTester, dataSourceName -> 1hge15z9g3z65rx1it8id1|46ee7fe8, debugUnreturnedConnectionStackTraces -> false, description -> null, driverClass -> com.mysql.jdbc.Driver, factoryClassLocation -> null, forceIgnoreUnresolvedTransactions -> false, identityToken -> 1hge15z9g3z65rx1it8id1|46ee7fe8, idleConnectionTestPeriod -> 0, initialPoolSize -> 10, jdbcUrl -> jdbc:mysql://localhost/sapm?characterEncoding=utf8&zeroDateTimeBehavior=convertToNull, maxAdministrativeTaskTime -> 0, maxConnectionAge -> 0, maxIdleTime -> 20, maxIdleTimeExcessConnections -> 0, maxPoolSize -> 100, maxStatements -> 0, maxStatementsPerConnection -> 0, minPoolSize -> 10, numHelperThreads -> 3, numThreadsAwaitingCheckoutDefaultUser -> 0, preferredTestQuery -> null, properties -> {user=******, password=******}, propertyCycle -> 0, testConnectionOnCheckin -> false, testConnectionOnCheckout -> false, unreturnedConnectionTimeout -> 0, usesTraditionalReflectiveProxies -> false ]

2016-04-13 14:45:56
[INFO]-[Thread: main]-[com.mchange.v2.log.MLog.<clinit>()]: MLog clients using log4j logging.

2016-04-13 14:45:56
[INFO]-[Thread: main]-[com.mchange.v2.c3p0.C3P0Registry.banner()]: Initializing c3p0-0.9.1.2 [built 21-May-2007 15:04:56; debug? true; trace: 10]

2016-04-13 14:45:56
[INFO]-[Thread: main]-[com.mchange.v2.c3p0.impl.AbstractPoolBackedDataSource.getPoolManager()]: Initializing c3p0 pool... com.mchange.v2.c3p0.ComboPooledDataSource [ acquireIncrement -> 2, acquireRetryAttempts -> 30, acquireRetryDelay -> 1000, autoCommitOnClose -> false, automaticTestTable -> null, breakAfterAcquireFailure -> false, checkoutTimeout -> 0, connectionCustomizerClassName -> null, connectionTesterClassName -> com.mchange.v2.c3p0.impl.DefaultConnectionTester, dataSourceName -> 1hge15z9g3zj3cnbsvngu|46ee7fe8, debugUnreturnedConnectionStackTraces -> false, description -> null, driverClass -> com.mysql.jdbc.Driver, factoryClassLocation -> null, forceIgnoreUnresolvedTransactions -> false, identityToken -> 1hge15z9g3zj3cnbsvngu|46ee7fe8, idleConnectionTestPeriod -> 0, initialPoolSize -> 10, jdbcUrl -> jdbc:mysql://localhost/sapm?characterEncoding=utf8&zeroDateTimeBehavior=convertToNull, maxAdministrativeTaskTime -> 0, maxConnectionAge -> 0, maxIdleTime -> 20, maxIdleTimeExcessConnections -> 0, maxPoolSize -> 100, maxStatements -> 0, maxStatementsPerConnection -> 0, minPoolSize -> 10, numHelperThreads -> 3, numThreadsAwaitingCheckoutDefaultUser -> 0, preferredTestQuery -> null, properties -> {user=******, password=******}, propertyCycle -> 0, testConnectionOnCheckin -> false, testConnectionOnCheckout -> false, unreturnedConnectionTimeout -> 0, usesTraditionalReflectiveProxies -> false ]

2016-04-13 14:47:13
[INFO]-[Thread: main]-[com.mchange.v2.log.MLog.<clinit>()]: MLog clients using log4j logging.

2016-04-13 14:47:14
[INFO]-[Thread: main]-[com.mchange.v2.c3p0.C3P0Registry.banner()]: Initializing c3p0-0.9.1.2 [built 21-May-2007 15:04:56; debug? true; trace: 10]

2016-04-13 14:47:14
[INFO]-[Thread: main]-[com.mchange.v2.c3p0.impl.AbstractPoolBackedDataSource.getPoolManager()]: Initializing c3p0 pool... com.mchange.v2.c3p0.ComboPooledDataSource [ acquireIncrement -> 2, acquireRetryAttempts -> 30, acquireRetryDelay -> 1000, autoCommitOnClose -> false, automaticTestTable -> null, breakAfterAcquireFailure -> false, checkoutTimeout -> 0, connectionCustomizerClassName -> null, connectionTesterClassName -> com.mchange.v2.c3p0.impl.DefaultConnectionTester, dataSourceName -> 1hge15z9g3zkr3j138kd8k|46ee7fe8, debugUnreturnedConnectionStackTraces -> false, description -> null, driverClass -> com.mysql.jdbc.Driver, factoryClassLocation -> null, forceIgnoreUnresolvedTransactions -> false, identityToken -> 1hge15z9g3zkr3j138kd8k|46ee7fe8, idleConnectionTestPeriod -> 0, initialPoolSize -> 10, jdbcUrl -> jdbc:mysql://localhost/sapm?characterEncoding=utf8&zeroDateTimeBehavior=convertToNull, maxAdministrativeTaskTime -> 0, maxConnectionAge -> 0, maxIdleTime -> 20, maxIdleTimeExcessConnections -> 0, maxPoolSize -> 100, maxStatements -> 0, maxStatementsPerConnection -> 0, minPoolSize -> 10, numHelperThreads -> 3, numThreadsAwaitingCheckoutDefaultUser -> 0, preferredTestQuery -> null, properties -> {user=******, password=******}, propertyCycle -> 0, testConnectionOnCheckin -> false, testConnectionOnCheckout -> false, unreturnedConnectionTimeout -> 0, usesTraditionalReflectiveProxies -> false ]

2016-04-13 14:49:19
[INFO]-[Thread: main]-[com.mchange.v2.log.MLog.<clinit>()]: MLog clients using log4j logging.

2016-04-13 14:49:19
[INFO]-[Thread: main]-[com.mchange.v2.c3p0.C3P0Registry.banner()]: Initializing c3p0-0.9.1.2 [built 21-May-2007 15:04:56; debug? true; trace: 10]

2016-04-13 14:49:19
[INFO]-[Thread: main]-[com.mchange.v2.c3p0.impl.AbstractPoolBackedDataSource.getPoolManager()]: Initializing c3p0 pool... com.mchange.v2.c3p0.ComboPooledDataSource [ acquireIncrement -> 2, acquireRetryAttempts -> 30, acquireRetryDelay -> 1000, autoCommitOnClose -> false, automaticTestTable -> null, breakAfterAcquireFailure -> false, checkoutTimeout -> 0, connectionCustomizerClassName -> null, connectionTesterClassName -> com.mchange.v2.c3p0.impl.DefaultConnectionTester, dataSourceName -> 1hge15z9g3znfse1or68xz|46ee7fe8, debugUnreturnedConnectionStackTraces -> false, description -> null, driverClass -> com.mysql.jdbc.Driver, factoryClassLocation -> null, forceIgnoreUnresolvedTransactions -> false, identityToken -> 1hge15z9g3znfse1or68xz|46ee7fe8, idleConnectionTestPeriod -> 0, initialPoolSize -> 10, jdbcUrl -> jdbc:mysql://localhost/sapm?characterEncoding=utf8&zeroDateTimeBehavior=convertToNull, maxAdministrativeTaskTime -> 0, maxConnectionAge -> 0, maxIdleTime -> 20, maxIdleTimeExcessConnections -> 0, maxPoolSize -> 100, maxStatements -> 0, maxStatementsPerConnection -> 0, minPoolSize -> 10, numHelperThreads -> 3, numThreadsAwaitingCheckoutDefaultUser -> 0, preferredTestQuery -> null, properties -> {user=******, password=******}, propertyCycle -> 0, testConnectionOnCheckin -> false, testConnectionOnCheckout -> false, unreturnedConnectionTimeout -> 0, usesTraditionalReflectiveProxies -> false ]

2016-04-13 14:55:58
[INFO]-[Thread: main]-[com.mchange.v2.log.MLog.<clinit>()]: MLog clients using log4j logging.

2016-04-13 14:55:58
[INFO]-[Thread: main]-[com.mchange.v2.c3p0.C3P0Registry.banner()]: Initializing c3p0-0.9.1.2 [built 21-May-2007 15:04:56; debug? true; trace: 10]

2016-04-13 14:55:58
[INFO]-[Thread: main]-[com.mchange.v2.c3p0.impl.AbstractPoolBackedDataSource.getPoolManager()]: Initializing c3p0 pool... com.mchange.v2.c3p0.ComboPooledDataSource [ acquireIncrement -> 2, acquireRetryAttempts -> 30, acquireRetryDelay -> 1000, autoCommitOnClose -> false, automaticTestTable -> null, breakAfterAcquireFailure -> false, checkoutTimeout -> 0, connectionCustomizerClassName -> null, connectionTesterClassName -> com.mchange.v2.c3p0.impl.DefaultConnectionTester, dataSourceName -> 1hge15z9g3zvzn5f3mnov|46ee7fe8, debugUnreturnedConnectionStackTraces -> false, description -> null, driverClass -> com.mysql.jdbc.Driver, factoryClassLocation -> null, forceIgnoreUnresolvedTransactions -> false, identityToken -> 1hge15z9g3zvzn5f3mnov|46ee7fe8, idleConnectionTestPeriod -> 0, initialPoolSize -> 10, jdbcUrl -> jdbc:mysql://localhost/sapm?characterEncoding=utf8&zeroDateTimeBehavior=convertToNull, maxAdministrativeTaskTime -> 0, maxConnectionAge -> 0, maxIdleTime -> 20, maxIdleTimeExcessConnections -> 0, maxPoolSize -> 100, maxStatements -> 0, maxStatementsPerConnection -> 0, minPoolSize -> 10, numHelperThreads -> 3, numThreadsAwaitingCheckoutDefaultUser -> 0, preferredTestQuery -> null, properties -> {user=******, password=******}, propertyCycle -> 0, testConnectionOnCheckin -> false, testConnectionOnCheckout -> false, unreturnedConnectionTimeout -> 0, usesTraditionalReflectiveProxies -> false ]

2016-04-13 15:07:33
[INFO]-[Thread: main]-[com.mchange.v2.log.MLog.<clinit>()]: MLog clients using log4j logging.

2016-04-13 15:07:33
[INFO]-[Thread: main]-[com.mchange.v2.c3p0.C3P0Registry.banner()]: Initializing c3p0-0.9.1.2 [built 21-May-2007 15:04:56; debug? true; trace: 10]

2016-04-13 15:07:33
[INFO]-[Thread: main]-[com.mchange.v2.c3p0.impl.AbstractPoolBackedDataSource.getPoolManager()]: Initializing c3p0 pool... com.mchange.v2.c3p0.ComboPooledDataSource [ acquireIncrement -> 2, acquireRetryAttempts -> 30, acquireRetryDelay -> 1000, autoCommitOnClose -> false, automaticTestTable -> null, breakAfterAcquireFailure -> false, checkoutTimeout -> 0, connectionCustomizerClassName -> null, connectionTesterClassName -> com.mchange.v2.c3p0.impl.DefaultConnectionTester, dataSourceName -> 1hge15z9g40awa9dknsoz|46ee7fe8, debugUnreturnedConnectionStackTraces -> false, description -> null, driverClass -> com.mysql.jdbc.Driver, factoryClassLocation -> null, forceIgnoreUnresolvedTransactions -> false, identityToken -> 1hge15z9g40awa9dknsoz|46ee7fe8, idleConnectionTestPeriod -> 0, initialPoolSize -> 10, jdbcUrl -> jdbc:mysql://localhost/sapm?characterEncoding=utf8&zeroDateTimeBehavior=convertToNull, maxAdministrativeTaskTime -> 0, maxConnectionAge -> 0, maxIdleTime -> 20, maxIdleTimeExcessConnections -> 0, maxPoolSize -> 100, maxStatements -> 0, maxStatementsPerConnection -> 0, minPoolSize -> 10, numHelperThreads -> 3, numThreadsAwaitingCheckoutDefaultUser -> 0, preferredTestQuery -> null, properties -> {user=******, password=******}, propertyCycle -> 0, testConnectionOnCheckin -> false, testConnectionOnCheckout -> false, unreturnedConnectionTimeout -> 0, usesTraditionalReflectiveProxies -> false ]

2016-04-13 15:17:14
[INFO]-[Thread: main]-[com.mchange.v2.log.MLog.<clinit>()]: MLog clients using log4j logging.

2016-04-13 15:17:14
[INFO]-[Thread: main]-[com.mchange.v2.c3p0.C3P0Registry.banner()]: Initializing c3p0-0.9.1.2 [built 21-May-2007 15:04:56; debug? true; trace: 10]

2016-04-13 15:17:14
[INFO]-[Thread: main]-[com.mchange.v2.c3p0.impl.AbstractPoolBackedDataSource.getPoolManager()]: Initializing c3p0 pool... com.mchange.v2.c3p0.ComboPooledDataSource [ acquireIncrement -> 2, acquireRetryAttempts -> 30, acquireRetryDelay -> 1000, autoCommitOnClose -> false, automaticTestTable -> null, breakAfterAcquireFailure -> false, checkoutTimeout -> 0, connectionCustomizerClassName -> null, connectionTesterClassName -> com.mchange.v2.c3p0.impl.DefaultConnectionTester, dataSourceName -> 1hge15z9g40ncd51m6rcp0|46ee7fe8, debugUnreturnedConnectionStackTraces -> false, description -> null, driverClass -> com.mysql.jdbc.Driver, factoryClassLocation -> null, forceIgnoreUnresolvedTransactions -> false, identityToken -> 1hge15z9g40ncd51m6rcp0|46ee7fe8, idleConnectionTestPeriod -> 0, initialPoolSize -> 10, jdbcUrl -> jdbc:mysql://localhost/sapm?characterEncoding=utf8&zeroDateTimeBehavior=convertToNull, maxAdministrativeTaskTime -> 0, maxConnectionAge -> 0, maxIdleTime -> 20, maxIdleTimeExcessConnections -> 0, maxPoolSize -> 100, maxStatements -> 0, maxStatementsPerConnection -> 0, minPoolSize -> 10, numHelperThreads -> 3, numThreadsAwaitingCheckoutDefaultUser -> 0, preferredTestQuery -> null, properties -> {user=******, password=******}, propertyCycle -> 0, testConnectionOnCheckin -> false, testConnectionOnCheckout -> false, unreturnedConnectionTimeout -> 0, usesTraditionalReflectiveProxies -> false ]

2016-04-13 15:18:23
[INFO]-[Thread: main]-[com.mchange.v2.log.MLog.<clinit>()]: MLog clients using log4j logging.

2016-04-13 15:18:24
[INFO]-[Thread: main]-[com.mchange.v2.c3p0.C3P0Registry.banner()]: Initializing c3p0-0.9.1.2 [built 21-May-2007 15:04:56; debug? true; trace: 10]

2016-04-13 15:18:24
[INFO]-[Thread: main]-[com.mchange.v2.c3p0.impl.AbstractPoolBackedDataSource.getPoolManager()]: Initializing c3p0 pool... com.mchange.v2.c3p0.ComboPooledDataSource [ acquireIncrement -> 2, acquireRetryAttempts -> 30, acquireRetryDelay -> 1000, autoCommitOnClose -> false, automaticTestTable -> null, breakAfterAcquireFailure -> false, checkoutTimeout -> 0, connectionCustomizerClassName -> null, connectionTesterClassName -> com.mchange.v2.c3p0.impl.DefaultConnectionTester, dataSourceName -> 1hge15z9g40otxrzpx9lb|46ee7fe8, debugUnreturnedConnectionStackTraces -> false, description -> null, driverClass -> com.mysql.jdbc.Driver, factoryClassLocation -> null, forceIgnoreUnresolvedTransactions -> false, identityToken -> 1hge15z9g40otxrzpx9lb|46ee7fe8, idleConnectionTestPeriod -> 0, initialPoolSize -> 10, jdbcUrl -> jdbc:mysql://localhost/sapm?characterEncoding=utf8&zeroDateTimeBehavior=convertToNull, maxAdministrativeTaskTime -> 0, maxConnectionAge -> 0, maxIdleTime -> 20, maxIdleTimeExcessConnections -> 0, maxPoolSize -> 100, maxStatements -> 0, maxStatementsPerConnection -> 0, minPoolSize -> 10, numHelperThreads -> 3, numThreadsAwaitingCheckoutDefaultUser -> 0, preferredTestQuery -> null, properties -> {user=******, password=******}, propertyCycle -> 0, testConnectionOnCheckin -> false, testConnectionOnCheckout -> false, unreturnedConnectionTimeout -> 0, usesTraditionalReflectiveProxies -> false ]

2016-04-13 15:21:58
[INFO]-[Thread: main]-[com.mchange.v2.log.MLog.<clinit>()]: MLog clients using log4j logging.

2016-04-13 15:21:58
[INFO]-[Thread: main]-[com.mchange.v2.c3p0.C3P0Registry.banner()]: Initializing c3p0-0.9.1.2 [built 21-May-2007 15:04:56; debug? true; trace: 10]

2016-04-13 15:21:58
[INFO]-[Thread: main]-[com.mchange.v2.c3p0.impl.AbstractPoolBackedDataSource.getPoolManager()]: Initializing c3p0 pool... com.mchange.v2.c3p0.ComboPooledDataSource [ acquireIncrement -> 2, acquireRetryAttempts -> 30, acquireRetryDelay -> 1000, autoCommitOnClose -> false, automaticTestTable -> null, breakAfterAcquireFailure -> false, checkoutTimeout -> 0, connectionCustomizerClassName -> null, connectionTesterClassName -> com.mchange.v2.c3p0.impl.DefaultConnectionTester, dataSourceName -> 1hge15z9g40tfizrgl92x|46ee7fe8, debugUnreturnedConnectionStackTraces -> false, description -> null, driverClass -> com.mysql.jdbc.Driver, factoryClassLocation -> null, forceIgnoreUnresolvedTransactions -> false, identityToken -> 1hge15z9g40tfizrgl92x|46ee7fe8, idleConnectionTestPeriod -> 0, initialPoolSize -> 10, jdbcUrl -> jdbc:mysql://localhost/sapm?characterEncoding=utf8&zeroDateTimeBehavior=convertToNull, maxAdministrativeTaskTime -> 0, maxConnectionAge -> 0, maxIdleTime -> 20, maxIdleTimeExcessConnections -> 0, maxPoolSize -> 100, maxStatements -> 0, maxStatementsPerConnection -> 0, minPoolSize -> 10, numHelperThreads -> 3, numThreadsAwaitingCheckoutDefaultUser -> 0, preferredTestQuery -> null, properties -> {user=******, password=******}, propertyCycle -> 0, testConnectionOnCheckin -> false, testConnectionOnCheckout -> false, unreturnedConnectionTimeout -> 0, usesTraditionalReflectiveProxies -> false ]

2016-04-13 15:23:06
[INFO]-[Thread: main]-[com.mchange.v2.log.MLog.<clinit>()]: MLog clients using log4j logging.

2016-04-13 15:23:06
[INFO]-[Thread: main]-[com.mchange.v2.c3p0.C3P0Registry.banner()]: Initializing c3p0-0.9.1.2 [built 21-May-2007 15:04:56; debug? true; trace: 10]

2016-04-13 15:23:06
[INFO]-[Thread: main]-[com.mchange.v2.c3p0.impl.AbstractPoolBackedDataSource.getPoolManager()]: Initializing c3p0 pool... com.mchange.v2.c3p0.ComboPooledDataSource [ acquireIncrement -> 2, acquireRetryAttempts -> 30, acquireRetryDelay -> 1000, autoCommitOnClose -> false, automaticTestTable -> null, breakAfterAcquireFailure -> false, checkoutTimeout -> 0, connectionCustomizerClassName -> null, connectionTesterClassName -> com.mchange.v2.c3p0.impl.DefaultConnectionTester, dataSourceName -> 1hge15z9g40uw1c1s7uc17|46ee7fe8, debugUnreturnedConnectionStackTraces -> false, description -> null, driverClass -> com.mysql.jdbc.Driver, factoryClassLocation -> null, forceIgnoreUnresolvedTransactions -> false, identityToken -> 1hge15z9g40uw1c1s7uc17|46ee7fe8, idleConnectionTestPeriod -> 0, initialPoolSize -> 10, jdbcUrl -> jdbc:mysql://localhost/sapm?characterEncoding=utf8&zeroDateTimeBehavior=convertToNull, maxAdministrativeTaskTime -> 0, maxConnectionAge -> 0, maxIdleTime -> 20, maxIdleTimeExcessConnections -> 0, maxPoolSize -> 100, maxStatements -> 0, maxStatementsPerConnection -> 0, minPoolSize -> 10, numHelperThreads -> 3, numThreadsAwaitingCheckoutDefaultUser -> 0, preferredTestQuery -> null, properties -> {user=******, password=******}, propertyCycle -> 0, testConnectionOnCheckin -> false, testConnectionOnCheckout -> false, unreturnedConnectionTimeout -> 0, usesTraditionalReflectiveProxies -> false ]

2016-04-13 15:29:00
[INFO]-[Thread: main]-[com.mchange.v2.log.MLog.<clinit>()]: MLog clients using log4j logging.

2016-04-13 15:29:01
[INFO]-[Thread: main]-[com.mchange.v2.c3p0.C3P0Registry.banner()]: Initializing c3p0-0.9.1.2 [built 21-May-2007 15:04:56; debug? true; trace: 10]

2016-04-13 15:29:01
[INFO]-[Thread: main]-[com.mchange.v2.c3p0.impl.AbstractPoolBackedDataSource.getPoolManager()]: Initializing c3p0 pool... com.mchange.v2.c3p0.ComboPooledDataSource [ acquireIncrement -> 2, acquireRetryAttempts -> 30, acquireRetryDelay -> 1000, autoCommitOnClose -> false, automaticTestTable -> null, breakAfterAcquireFailure -> false, checkoutTimeout -> 0, connectionCustomizerClassName -> null, connectionTesterClassName -> com.mchange.v2.c3p0.impl.DefaultConnectionTester, dataSourceName -> 1hge15z9g412hff1vca18o|46ee7fe8, debugUnreturnedConnectionStackTraces -> false, description -> null, driverClass -> com.mysql.jdbc.Driver, factoryClassLocation -> null, forceIgnoreUnresolvedTransactions -> false, identityToken -> 1hge15z9g412hff1vca18o|46ee7fe8, idleConnectionTestPeriod -> 0, initialPoolSize -> 10, jdbcUrl -> jdbc:mysql://localhost/sapm?characterEncoding=utf8&zeroDateTimeBehavior=convertToNull, maxAdministrativeTaskTime -> 0, maxConnectionAge -> 0, maxIdleTime -> 20, maxIdleTimeExcessConnections -> 0, maxPoolSize -> 100, maxStatements -> 0, maxStatementsPerConnection -> 0, minPoolSize -> 10, numHelperThreads -> 3, numThreadsAwaitingCheckoutDefaultUser -> 0, preferredTestQuery -> null, properties -> {user=******, password=******}, propertyCycle -> 0, testConnectionOnCheckin -> false, testConnectionOnCheckout -> false, unreturnedConnectionTimeout -> 0, usesTraditionalReflectiveProxies -> false ]

2016-04-13 15:46:09
[INFO]-[Thread: main]-[com.mchange.v2.log.MLog.<clinit>()]: MLog clients using log4j logging.

2016-04-13 15:46:10
[INFO]-[Thread: main]-[com.mchange.v2.c3p0.C3P0Registry.banner()]: Initializing c3p0-0.9.1.2 [built 21-May-2007 15:04:56; debug? true; trace: 10]

2016-04-13 15:46:10
[INFO]-[Thread: main]-[com.mchange.v2.c3p0.impl.AbstractPoolBackedDataSource.getPoolManager()]: Initializing c3p0 pool... com.mchange.v2.c3p0.ComboPooledDataSource [ acquireIncrement -> 2, acquireRetryAttempts -> 30, acquireRetryDelay -> 1000, autoCommitOnClose -> false, automaticTestTable -> null, breakAfterAcquireFailure -> false, checkoutTimeout -> 0, connectionCustomizerClassName -> null, connectionTesterClassName -> com.mchange.v2.c3p0.impl.DefaultConnectionTester, dataSourceName -> 1hge15z9g41ojgu1fkp9ja|46ee7fe8, debugUnreturnedConnectionStackTraces -> false, description -> null, driverClass -> com.mysql.jdbc.Driver, factoryClassLocation -> null, forceIgnoreUnresolvedTransactions -> false, identityToken -> 1hge15z9g41ojgu1fkp9ja|46ee7fe8, idleConnectionTestPeriod -> 0, initialPoolSize -> 10, jdbcUrl -> jdbc:mysql://localhost/sapm?characterEncoding=utf8&zeroDateTimeBehavior=convertToNull, maxAdministrativeTaskTime -> 0, maxConnectionAge -> 0, maxIdleTime -> 20, maxIdleTimeExcessConnections -> 0, maxPoolSize -> 100, maxStatements -> 0, maxStatementsPerConnection -> 0, minPoolSize -> 10, numHelperThreads -> 3, numThreadsAwaitingCheckoutDefaultUser -> 0, preferredTestQuery -> null, properties -> {user=******, password=******}, propertyCycle -> 0, testConnectionOnCheckin -> false, testConnectionOnCheckout -> false, unreturnedConnectionTimeout -> 0, usesTraditionalReflectiveProxies -> false ]

2016-05-04 16:51:13
[INFO]-[Thread: main]-[com.mchange.v2.log.MLog.<clinit>()]: MLog clients using log4j logging.

2016-05-04 16:51:13
[INFO]-[Thread: main]-[com.mchange.v2.c3p0.C3P0Registry.banner()]: Initializing c3p0-0.9.1.2 [built 21-May-2007 15:04:56; debug? true; trace: 10]

2016-05-04 16:51:14
[INFO]-[Thread: main]-[com.mchange.v2.c3p0.impl.AbstractPoolBackedDataSource.getPoolManager()]: Initializing c3p0 pool... com.mchange.v2.c3p0.ComboPooledDataSource [ acquireIncrement -> 2, acquireRetryAttempts -> 30, acquireRetryDelay -> 1000, autoCommitOnClose -> false, automaticTestTable -> null, breakAfterAcquireFailure -> false, checkoutTimeout -> 0, connectionCustomizerClassName -> null, connectionTesterClassName -> com.mchange.v2.c3p0.impl.DefaultConnectionTester, dataSourceName -> 1hge16x9gy493ag1krxui8|4f2410ac, debugUnreturnedConnectionStackTraces -> false, description -> null, driverClass -> com.mysql.jdbc.Driver, factoryClassLocation -> null, forceIgnoreUnresolvedTransactions -> false, identityToken -> 1hge16x9gy493ag1krxui8|4f2410ac, idleConnectionTestPeriod -> 0, initialPoolSize -> 10, jdbcUrl -> jdbc:mysql://localhost/sapm?characterEncoding=utf8&zeroDateTimeBehavior=convertToNull, maxAdministrativeTaskTime -> 0, maxConnectionAge -> 0, maxIdleTime -> 20, maxIdleTimeExcessConnections -> 0, maxPoolSize -> 100, maxStatements -> 0, maxStatementsPerConnection -> 0, minPoolSize -> 10, numHelperThreads -> 3, numThreadsAwaitingCheckoutDefaultUser -> 0, preferredTestQuery -> null, properties -> {user=******, password=******}, propertyCycle -> 0, testConnectionOnCheckin -> false, testConnectionOnCheckout -> false, unreturnedConnectionTimeout -> 0, usesTraditionalReflectiveProxies -> false ]

2016-05-04 17:31:14
[INFO]-[Thread: main]-[com.mchange.v2.log.MLog.<clinit>()]: MLog clients using log4j logging.

2016-05-04 17:31:14
[INFO]-[Thread: main]-[com.mchange.v2.c3p0.C3P0Registry.banner()]: Initializing c3p0-0.9.1.2 [built 21-May-2007 15:04:56; debug? true; trace: 10]

2016-05-04 17:31:14
[INFO]-[Thread: main]-[com.mchange.v2.c3p0.impl.AbstractPoolBackedDataSource.getPoolManager()]: Initializing c3p0 pool... com.mchange.v2.c3p0.ComboPooledDataSource [ acquireIncrement -> 2, acquireRetryAttempts -> 30, acquireRetryDelay -> 1000, autoCommitOnClose -> false, automaticTestTable -> null, breakAfterAcquireFailure -> false, checkoutTimeout -> 0, connectionCustomizerClassName -> null, connectionTesterClassName -> com.mchange.v2.c3p0.impl.DefaultConnectionTester, dataSourceName -> 1hge16x9gy5ok0e1f7vw9r|4f2410ac, debugUnreturnedConnectionStackTraces -> false, description -> null, driverClass -> com.mysql.jdbc.Driver, factoryClassLocation -> null, forceIgnoreUnresolvedTransactions -> false, identityToken -> 1hge16x9gy5ok0e1f7vw9r|4f2410ac, idleConnectionTestPeriod -> 0, initialPoolSize -> 10, jdbcUrl -> jdbc:mysql://localhost/sapm?characterEncoding=utf8&zeroDateTimeBehavior=convertToNull, maxAdministrativeTaskTime -> 0, maxConnectionAge -> 0, maxIdleTime -> 20, maxIdleTimeExcessConnections -> 0, maxPoolSize -> 100, maxStatements -> 0, maxStatementsPerConnection -> 0, minPoolSize -> 10, numHelperThreads -> 3, numThreadsAwaitingCheckoutDefaultUser -> 0, preferredTestQuery -> null, properties -> {user=******, password=******}, propertyCycle -> 0, testConnectionOnCheckin -> false, testConnectionOnCheckout -> false, unreturnedConnectionTimeout -> 0, usesTraditionalReflectiveProxies -> false ]

2016-05-04 17:32:10
[INFO]-[Thread: main]-[com.mchange.v2.log.MLog.<clinit>()]: MLog clients using log4j logging.

2016-05-04 17:32:10
[INFO]-[Thread: main]-[com.mchange.v2.c3p0.C3P0Registry.banner()]: Initializing c3p0-0.9.1.2 [built 21-May-2007 15:04:56; debug? true; trace: 10]

2016-05-04 17:32:10
[INFO]-[Thread: main]-[com.mchange.v2.c3p0.impl.AbstractPoolBackedDataSource.getPoolManager()]: Initializing c3p0 pool... com.mchange.v2.c3p0.ComboPooledDataSource [ acquireIncrement -> 2, acquireRetryAttempts -> 30, acquireRetryDelay -> 1000, autoCommitOnClose -> false, automaticTestTable -> null, breakAfterAcquireFailure -> false, checkoutTimeout -> 0, connectionCustomizerClassName -> null, connectionTesterClassName -> com.mchange.v2.c3p0.impl.DefaultConnectionTester, dataSourceName -> 1hge16x9gy5pr181qwugsq|4f2410ac, debugUnreturnedConnectionStackTraces -> false, description -> null, driverClass -> com.mysql.jdbc.Driver, factoryClassLocation -> null, forceIgnoreUnresolvedTransactions -> false, identityToken -> 1hge16x9gy5pr181qwugsq|4f2410ac, idleConnectionTestPeriod -> 0, initialPoolSize -> 10, jdbcUrl -> jdbc:mysql://localhost/sapm?characterEncoding=utf8&zeroDateTimeBehavior=convertToNull, maxAdministrativeTaskTime -> 0, maxConnectionAge -> 0, maxIdleTime -> 20, maxIdleTimeExcessConnections -> 0, maxPoolSize -> 100, maxStatements -> 0, maxStatementsPerConnection -> 0, minPoolSize -> 10, numHelperThreads -> 3, numThreadsAwaitingCheckoutDefaultUser -> 0, preferredTestQuery -> null, properties -> {user=******, password=******}, propertyCycle -> 0, testConnectionOnCheckin -> false, testConnectionOnCheckout -> false, unreturnedConnectionTimeout -> 0, usesTraditionalReflectiveProxies -> false ]

2016-05-04 17:35:02
[INFO]-[Thread: main]-[com.mchange.v2.log.MLog.<clinit>()]: MLog clients using log4j logging.

2016-05-04 17:35:02
[INFO]-[Thread: main]-[com.mchange.v2.c3p0.C3P0Registry.banner()]: Initializing c3p0-0.9.1.2 [built 21-May-2007 15:04:56; debug? true; trace: 10]

2016-05-04 17:35:02
[INFO]-[Thread: main]-[com.mchange.v2.c3p0.impl.AbstractPoolBackedDataSource.getPoolManager()]: Initializing c3p0 pool... com.mchange.v2.c3p0.ComboPooledDataSource [ acquireIncrement -> 2, acquireRetryAttempts -> 30, acquireRetryDelay -> 1000, autoCommitOnClose -> false, automaticTestTable -> null, breakAfterAcquireFailure -> false, checkoutTimeout -> 0, connectionCustomizerClassName -> null, connectionTesterClassName -> com.mchange.v2.c3p0.impl.DefaultConnectionTester, dataSourceName -> 1hge16x9gy5tftl6ug13l|4f2410ac, debugUnreturnedConnectionStackTraces -> false, description -> null, driverClass -> com.mysql.jdbc.Driver, factoryClassLocation -> null, forceIgnoreUnresolvedTransactions -> false, identityToken -> 1hge16x9gy5tftl6ug13l|4f2410ac, idleConnectionTestPeriod -> 0, initialPoolSize -> 10, jdbcUrl -> jdbc:mysql://localhost/sapm?characterEncoding=utf8&zeroDateTimeBehavior=convertToNull, maxAdministrativeTaskTime -> 0, maxConnectionAge -> 0, maxIdleTime -> 20, maxIdleTimeExcessConnections -> 0, maxPoolSize -> 100, maxStatements -> 0, maxStatementsPerConnection -> 0, minPoolSize -> 10, numHelperThreads -> 3, numThreadsAwaitingCheckoutDefaultUser -> 0, preferredTestQuery -> null, properties -> {user=******, password=******}, propertyCycle -> 0, testConnectionOnCheckin -> false, testConnectionOnCheckout -> false, unreturnedConnectionTimeout -> 0, usesTraditionalReflectiveProxies -> false ]

2016-05-04 17:37:06
[INFO]-[Thread: main]-[com.mchange.v2.log.MLog.<clinit>()]: MLog clients using log4j logging.

2016-05-04 17:37:06
[INFO]-[Thread: main]-[com.mchange.v2.c3p0.C3P0Registry.banner()]: Initializing c3p0-0.9.1.2 [built 21-May-2007 15:04:56; debug? true; trace: 10]

2016-05-04 17:37:06
[INFO]-[Thread: main]-[com.mchange.v2.c3p0.impl.AbstractPoolBackedDataSource.getPoolManager()]: Initializing c3p0 pool... com.mchange.v2.c3p0.ComboPooledDataSource [ acquireIncrement -> 2, acquireRetryAttempts -> 30, acquireRetryDelay -> 1000, autoCommitOnClose -> false, automaticTestTable -> null, breakAfterAcquireFailure -> false, checkoutTimeout -> 0, connectionCustomizerClassName -> null, connectionTesterClassName -> com.mchange.v2.c3p0.impl.DefaultConnectionTester, dataSourceName -> 1hge16x9gy5w3ji18hpeua|4f2410ac, debugUnreturnedConnectionStackTraces -> false, description -> null, driverClass -> com.mysql.jdbc.Driver, factoryClassLocation -> null, forceIgnoreUnresolvedTransactions -> false, identityToken -> 1hge16x9gy5w3ji18hpeua|4f2410ac, idleConnectionTestPeriod -> 0, initialPoolSize -> 10, jdbcUrl -> jdbc:mysql://localhost/sapm?characterEncoding=utf8&zeroDateTimeBehavior=convertToNull, maxAdministrativeTaskTime -> 0, maxConnectionAge -> 0, maxIdleTime -> 20, maxIdleTimeExcessConnections -> 0, maxPoolSize -> 100, maxStatements -> 0, maxStatementsPerConnection -> 0, minPoolSize -> 10, numHelperThreads -> 3, numThreadsAwaitingCheckoutDefaultUser -> 0, preferredTestQuery -> null, properties -> {user=******, password=******}, propertyCycle -> 0, testConnectionOnCheckin -> false, testConnectionOnCheckout -> false, unreturnedConnectionTimeout -> 0, usesTraditionalReflectiveProxies -> false ]

2016-05-16 15:20:53
[INFO]-[Thread: main]-[com.mchange.v2.log.MLog.<clinit>()]: MLog clients using log4j logging.

2016-05-16 15:20:54
[INFO]-[Thread: main]-[com.mchange.v2.c3p0.C3P0Registry.banner()]: Initializing c3p0-0.9.1.2 [built 21-May-2007 15:04:56; debug? true; trace: 10]

2016-05-16 15:20:54
[INFO]-[Thread: main]-[com.mchange.v2.c3p0.impl.AbstractPoolBackedDataSource.getPoolManager()]: Initializing c3p0 pool... com.mchange.v2.c3p0.ComboPooledDataSource [ acquireIncrement -> 2, acquireRetryAttempts -> 30, acquireRetryDelay -> 1000, autoCommitOnClose -> false, automaticTestTable -> null, breakAfterAcquireFailure -> false, checkoutTimeout -> 0, connectionCustomizerClassName -> null, connectionTesterClassName -> com.mchange.v2.c3p0.impl.DefaultConnectionTester, dataSourceName -> 1hge16x9g1f6b5iwz4w9wx|4f2410ac, debugUnreturnedConnectionStackTraces -> false, description -> null, driverClass -> com.mysql.jdbc.Driver, factoryClassLocation -> null, forceIgnoreUnresolvedTransactions -> false, identityToken -> 1hge16x9g1f6b5iwz4w9wx|4f2410ac, idleConnectionTestPeriod -> 0, initialPoolSize -> 10, jdbcUrl -> jdbc:mysql://localhost/sapm?characterEncoding=utf8&zeroDateTimeBehavior=convertToNull, maxAdministrativeTaskTime -> 0, maxConnectionAge -> 0, maxIdleTime -> 20, maxIdleTimeExcessConnections -> 0, maxPoolSize -> 100, maxStatements -> 0, maxStatementsPerConnection -> 0, minPoolSize -> 10, numHelperThreads -> 3, numThreadsAwaitingCheckoutDefaultUser -> 0, preferredTestQuery -> null, properties -> {user=******, password=******}, propertyCycle -> 0, testConnectionOnCheckin -> false, testConnectionOnCheckout -> false, unreturnedConnectionTimeout -> 0, usesTraditionalReflectiveProxies -> false ]

2016-05-17 15:54:10
[INFO]-[Thread: main]-[com.mchange.v2.log.MLog.<clinit>()]: MLog clients using log4j logging.

2016-05-17 15:54:10
[INFO]-[Thread: main]-[com.mchange.v2.c3p0.C3P0Registry.banner()]: Initializing c3p0-0.9.1.2 [built 21-May-2007 15:04:56; debug? true; trace: 10]

2016-05-17 15:54:10
[INFO]-[Thread: main]-[com.mchange.v2.c3p0.impl.AbstractPoolBackedDataSource.getPoolManager()]: Initializing c3p0 pool... com.mchange.v2.c3p0.ComboPooledDataSource [ acquireIncrement -> 2, acquireRetryAttempts -> 30, acquireRetryDelay -> 1000, autoCommitOnClose -> false, automaticTestTable -> null, breakAfterAcquireFailure -> false, checkoutTimeout -> 0, connectionCustomizerClassName -> null, connectionTesterClassName -> com.mchange.v2.c3p0.impl.DefaultConnectionTester, dataSourceName -> 1hge16x9g1gmxsxa14jtmsz|4f2410ac, debugUnreturnedConnectionStackTraces -> false, description -> null, driverClass -> com.mysql.jdbc.Driver, factoryClassLocation -> null, forceIgnoreUnresolvedTransactions -> false, identityToken -> 1hge16x9g1gmxsxa14jtmsz|4f2410ac, idleConnectionTestPeriod -> 0, initialPoolSize -> 10, jdbcUrl -> jdbc:mysql://localhost/sapm?characterEncoding=utf8&zeroDateTimeBehavior=convertToNull, maxAdministrativeTaskTime -> 0, maxConnectionAge -> 0, maxIdleTime -> 20, maxIdleTimeExcessConnections -> 0, maxPoolSize -> 100, maxStatements -> 0, maxStatementsPerConnection -> 0, minPoolSize -> 10, numHelperThreads -> 3, numThreadsAwaitingCheckoutDefaultUser -> 0, preferredTestQuery -> null, properties -> {user=******, password=******}, propertyCycle -> 0, testConnectionOnCheckin -> false, testConnectionOnCheckout -> false, unreturnedConnectionTimeout -> 0, usesTraditionalReflectiveProxies -> false ]

2016-05-17 15:55:11
[INFO]-[Thread: main]-[com.mchange.v2.log.MLog.<clinit>()]: MLog clients using log4j logging.

2016-05-17 15:55:11
[INFO]-[Thread: main]-[com.mchange.v2.c3p0.C3P0Registry.banner()]: Initializing c3p0-0.9.1.2 [built 21-May-2007 15:04:56; debug? true; trace: 10]

2016-05-17 15:55:11
[INFO]-[Thread: main]-[com.mchange.v2.c3p0.impl.AbstractPoolBackedDataSource.getPoolManager()]: Initializing c3p0 pool... com.mchange.v2.c3p0.ComboPooledDataSource [ acquireIncrement -> 2, acquireRetryAttempts -> 30, acquireRetryDelay -> 1000, autoCommitOnClose -> false, automaticTestTable -> null, breakAfterAcquireFailure -> false, checkoutTimeout -> 0, connectionCustomizerClassName -> null, connectionTesterClassName -> com.mchange.v2.c3p0.impl.DefaultConnectionTester, dataSourceName -> 1hge16x9g1gmz45b164jj88|4f2410ac, debugUnreturnedConnectionStackTraces -> false, description -> null, driverClass -> com.mysql.jdbc.Driver, factoryClassLocation -> null, forceIgnoreUnresolvedTransactions -> false, identityToken -> 1hge16x9g1gmz45b164jj88|4f2410ac, idleConnectionTestPeriod -> 0, initialPoolSize -> 10, jdbcUrl -> jdbc:mysql://localhost/sapm?characterEncoding=utf8&zeroDateTimeBehavior=convertToNull, maxAdministrativeTaskTime -> 0, maxConnectionAge -> 0, maxIdleTime -> 20, maxIdleTimeExcessConnections -> 0, maxPoolSize -> 100, maxStatements -> 0, maxStatementsPerConnection -> 0, minPoolSize -> 10, numHelperThreads -> 3, numThreadsAwaitingCheckoutDefaultUser -> 0, preferredTestQuery -> null, properties -> {user=******, password=******}, propertyCycle -> 0, testConnectionOnCheckin -> false, testConnectionOnCheckout -> false, unreturnedConnectionTimeout -> 0, usesTraditionalReflectiveProxies -> false ]

2016-05-28 17:16:32
[INFO]-[Thread: main]-[com.mchange.v2.log.MLog.<clinit>()]: MLog clients using log4j logging.

2016-05-28 17:16:32
[INFO]-[Thread: main]-[com.mchange.v2.c3p0.C3P0Registry.banner()]: Initializing c3p0-0.9.1.2 [built 21-May-2007 15:04:56; debug? true; trace: 10]

2016-05-28 17:16:32
[INFO]-[Thread: main]-[com.mchange.v2.c3p0.impl.AbstractPoolBackedDataSource.getPoolManager()]: Initializing c3p0 pool... com.mchange.v2.c3p0.ComboPooledDataSource [ acquireIncrement -> 2, acquireRetryAttempts -> 30, acquireRetryDelay -> 1000, autoCommitOnClose -> false, automaticTestTable -> null, breakAfterAcquireFailure -> false, checkoutTimeout -> 0, connectionCustomizerClassName -> null, connectionTesterClassName -> com.mchange.v2.c3p0.impl.DefaultConnectionTester, dataSourceName -> 1hge16x9g1wfq3ay1icbgw6|4f2410ac, debugUnreturnedConnectionStackTraces -> false, description -> null, driverClass -> com.mysql.jdbc.Driver, factoryClassLocation -> null, forceIgnoreUnresolvedTransactions -> false, identityToken -> 1hge16x9g1wfq3ay1icbgw6|4f2410ac, idleConnectionTestPeriod -> 0, initialPoolSize -> 10, jdbcUrl -> jdbc:mysql://192.168.1.139/sapm?characterEncoding=utf8&zeroDateTimeBehavior=convertToNull, maxAdministrativeTaskTime -> 0, maxConnectionAge -> 0, maxIdleTime -> 20, maxIdleTimeExcessConnections -> 0, maxPoolSize -> 100, maxStatements -> 0, maxStatementsPerConnection -> 0, minPoolSize -> 10, numHelperThreads -> 3, numThreadsAwaitingCheckoutDefaultUser -> 0, preferredTestQuery -> null, properties -> {user=******, password=******}, propertyCycle -> 0, testConnectionOnCheckin -> false, testConnectionOnCheckout -> false, unreturnedConnectionTimeout -> 0, usesTraditionalReflectiveProxies -> false ]

2016-05-31 15:43:51
[INFO]-[Thread: main]-[com.mchange.v2.log.MLog.<clinit>()]: MLog clients using log4j logging.

2016-05-31 15:43:51
[INFO]-[Thread: main]-[com.mchange.v2.c3p0.C3P0Registry.banner()]: Initializing c3p0-0.9.1.2 [built 21-May-2007 15:04:56; debug? true; trace: 10]

2016-05-31 15:43:51
[INFO]-[Thread: main]-[com.mchange.v2.c3p0.impl.AbstractPoolBackedDataSource.getPoolManager()]: Initializing c3p0 pool... com.mchange.v2.c3p0.ComboPooledDataSource [ acquireIncrement -> 2, acquireRetryAttempts -> 30, acquireRetryDelay -> 1000, autoCommitOnClose -> false, automaticTestTable -> null, breakAfterAcquireFailure -> false, checkoutTimeout -> 0, connectionCustomizerClassName -> null, connectionTesterClassName -> com.mchange.v2.c3p0.impl.DefaultConnectionTester, dataSourceName -> 1hge16x9h1lmem31sek1qf|4f2410ac, debugUnreturnedConnectionStackTraces -> false, description -> null, driverClass -> com.mysql.jdbc.Driver, factoryClassLocation -> null, forceIgnoreUnresolvedTransactions -> false, identityToken -> 1hge16x9h1lmem31sek1qf|4f2410ac, idleConnectionTestPeriod -> 0, initialPoolSize -> 10, jdbcUrl -> jdbc:mysql://222.143.27.61/sapm?characterEncoding=utf8&zeroDateTimeBehavior=convertToNull, maxAdministrativeTaskTime -> 0, maxConnectionAge -> 0, maxIdleTime -> 20, maxIdleTimeExcessConnections -> 0, maxPoolSize -> 100, maxStatements -> 0, maxStatementsPerConnection -> 0, minPoolSize -> 10, numHelperThreads -> 3, numThreadsAwaitingCheckoutDefaultUser -> 0, preferredTestQuery -> null, properties -> {user=******, password=******}, propertyCycle -> 0, testConnectionOnCheckin -> false, testConnectionOnCheckout -> false, unreturnedConnectionTimeout -> 0, usesTraditionalReflectiveProxies -> false ]
